<?xml version="1.0" encoding="UTF-8"?>
<testsuite name="com.mediastep.beecow.common.security.SecurityUtilsUnitTest" time="0.208" tests="3" errors="0" skipped="0" failures="0">
  <properties>
[...]
</properties>
  <testcase name="testIsAuthenticated" classname="com.mediastep.beecow.common.security.SecurityUtilsUnitTest" time="0.203"/>
  <testcase name="testgetCurrentUserLogin" classname="com.mediastep.beecow.common.security.SecurityUtilsUnitTest" time="0.004"/>
  <testcase name="testAnonymousIsNotAuthenticated" classname="com.mediastep.beecow.common.security.SecurityUtilsUnitTest" time="0.001"/>
</testsuite>